This file contains any messages produced by compilers while
running configure, to aid debugging if configure makes a mistake.

It was created by configure, which was
generated by GNU Autoconf 2.72.  Invocation command line was

  $ ../configure

## --------- ##
## Platform. ##
## --------- ##

hostname = Andrass-Mac-Mini
uname -m = arm64
uname -r = 24.4.0
uname -s = Darwin
uname -v = Darwin Kernel Version 24.4.0: Fri Apr 11 18:33:39 PDT 2025; root:xnu-11417.101.15~117/RELEASE_ARM64_T6020

/usr/bin/uname -p = arm
/bin/uname -X     = unknown

/bin/arch              = unknown
/usr/bin/arch -k       = unknown
/usr/convex/getsysinfo = unknown
/usr/bin/hostinfo      = Mach kernel version:
	 Darwin Kernel Version 24.4.0: Fri Apr 11 18:33:39 PDT 2025; root:xnu-11417.101.15~117/RELEASE_ARM64_T6020
Kernel configured for up to 10 processors.
10 processors are physically available.
10 processors are logically available.
Processor type: arm64e (ARM64E)
Processors active: 0 1 2 3 4 5 6 7 8 9
Primary memory available: 16.00 gigabytes
Default processor set: 694 tasks, 2653 threads, 10 processors
Load average: 1.28, Mach factor: 8.71
/bin/machine           = unknown
/usr/bin/oslevel       = unknown
/bin/universe          = unknown

PATH: ./
PATH: /Users/pahi/bin/
PATH: /Users/pahi/Library/Python/3.9/bin/
PATH: /usr/local/bin/
PATH: /usr/local/bin/
PATH: /System/Cryptexes/App/usr/bin/
PATH: /usr/bin/
PATH: /bin/
PATH: /usr/sbin/
PATH: /sbin/
PATH: /var/run/com.apple.security.cryptexd/codex.system/bootstrap/usr/local/bin/
PATH: /var/run/com.apple.security.cryptexd/codex.system/bootstrap/usr/bin/
PATH: /var/run/com.apple.security.cryptexd/codex.system/bootstrap/usr/appleinternal/bin/
PATH: /opt/X11/bin/
PATH: /Library/Apple/usr/bin/
PATH: /Library/TeX/texbin/


## ----------- ##
## Core tests. ##
## ----------- ##

configure:2354: looking for aux files: config.guess config.sub
configure:2367:  trying ../
configure:2396:   ../config.guess found
configure:2396:   ../config.sub found
configure:2578: checking for gcc
configure:2599: found /usr/bin/gcc
configure:2611: result: gcc
configure:2970: checking for C compiler version
configure:2979: gcc --version >&5
Apple clang version 17.0.0 (clang-1700.0.13.3)
Target: arm64-apple-darwin24.4.0
Thread model: posix
InstalledDir: /Applications/Xcode.app/Contents/Developer/Toolchains/XcodeDefault.xctoolchain/usr/bin
configure:2990: $? = 0
configure:2979: gcc -v >&5
Apple clang version 17.0.0 (clang-1700.0.13.3)
Target: arm64-apple-darwin24.4.0
Thread model: posix
InstalledDir: /Applications/Xcode.app/Contents/Developer/Toolchains/XcodeDefault.xctoolchain/usr/bin
configure:2990: $? = 0
configure:2979: gcc -V >&5
clang: error: argument to '-V' is missing (expected 1 value)
clang: error: no input files
configure:2990: $? = 1
configure:2979: gcc -qversion >&5
clang: error: unknown argument '-qversion'; did you mean '--version'?
clang: error: no input files
configure:2990: $? = 1
configure:2979: gcc -version >&5
clang: error: unknown argument '-version'; did you mean '--version'?
clang: error: no input files
configure:2990: $? = 1
configure:3010: checking whether the C compiler works
configure:3032: gcc    conftest.c  >&5
configure:3036: $? = 0
configure:3087: result: yes
configure:3091: checking for C compiler default output file name
configure:3093: result: a.out
configure:3099: checking for suffix of executables
configure:3106: gcc -o conftest    conftest.c  >&5
configure:3110: $? = 0
configure:3134: result: 
configure:3158: checking whether we are cross compiling
configure:3166: gcc -o conftest    conftest.c  >&5
configure:3170: $? = 0
configure:3177: ./conftest
configure:3181: $? = 0
configure:3196: result: no
configure:3202: checking for suffix of object files
configure:3225: gcc -c   conftest.c >&5
configure:3229: $? = 0
configure:3253: result: o
configure:3257: checking whether the compiler supports GNU C
configure:3277: gcc -c   conftest.c >&5
configure:3277: $? = 0
configure:3289: result: yes
configure:3300: checking whether gcc accepts -g
configure:3321: gcc -c -g  conftest.c >&5
configure:3321: $? = 0
configure:3368: result: yes
configure:3388: checking for gcc option to enable C11 features
configure:3403: gcc  -c -g -O2  conftest.c >&5
configure:3403: $? = 0
configure:3422: result: none needed
configure:3541: checking for ../qxltool.c
configure:3556: result: yes
configure:3568: checking for printf in -lm
configure:3597: gcc -o conftest -g -O2   conftest.c -lm   >&5
conftest.c:19:6: warning: incompatible redeclaration of library function 'printf' [-Wincompatible-library-redeclaration]
   19 | char printf (void);
      |      ^
conftest.c:19:6: note: 'printf' is a builtin with type 'int (const char *, ...)'
1 warning generated.
configure:3597: $? = 0
configure:3609: result: yes
configure:3621: checking "for readline"
configure:3639: gcc -o conftest -g -O2   conftest.c -lm  -lreadline >&5
conftest.c:14:28: error: function definition is not allowed here
   14 | char readline();int main() {readline(); return 0;}
      |                            ^
1 error generated.
configure:3639: $? = 1
configure: failed program was:
| /* confdefs.h */
| #define PACKAGE_NAME ""
| #define PACKAGE_TARNAME ""
| #define PACKAGE_VERSION ""
| #define PACKAGE_STRING ""
| #define PACKAGE_BUGREPORT ""
| #define PACKAGE_URL ""
| #define HAVE_LIBM 1
| /* end confdefs.h.  */
| 
| int
| main (void)
| {
| char readline();int main() {readline(); return 0;}
|   ;
|   return 0;
| }
configure:3650: result: no
configure:3653: checking a bit harder for readline
configure:3667: gcc -o conftest -g -O2   conftest.c -lm  -lreadline -ltermcap >&5
conftest.c:14:28: error: function definition is not allowed here
   14 | char readline();int main() {readline(); return 0;}
      |                            ^
1 error generated.
configure:3667: $? = 1
configure: failed program was:
| /* confdefs.h */
| #define PACKAGE_NAME ""
| #define PACKAGE_TARNAME ""
| #define PACKAGE_VERSION ""
| #define PACKAGE_STRING ""
| #define PACKAGE_BUGREPORT ""
| #define PACKAGE_URL ""
| #define HAVE_LIBM 1
| /* end confdefs.h.  */
| 
| int
| main (void)
| {
| char readline();int main() {readline(); return 0;}
|   ;
|   return 0;
| }
configure:3683: result: no
configure:3702: checking for stdio.h
configure:3702: gcc -c -g -O2  conftest.c >&5
configure:3702: $? = 0
configure:3702: result: yes
configure:3702: checking for stdlib.h
configure:3702: gcc -c -g -O2  conftest.c >&5
configure:3702: $? = 0
configure:3702: result: yes
configure:3702: checking for string.h
configure:3702: gcc -c -g -O2  conftest.c >&5
configure:3702: $? = 0
configure:3702: result: yes
configure:3702: checking for inttypes.h
configure:3702: gcc -c -g -O2  conftest.c >&5
configure:3702: $? = 0
configure:3702: result: yes
configure:3702: checking for stdint.h
configure:3702: gcc -c -g -O2  conftest.c >&5
configure:3702: $? = 0
configure:3702: result: yes
configure:3702: checking for strings.h
configure:3702: gcc -c -g -O2  conftest.c >&5
configure:3702: $? = 0
configure:3702: result: yes
configure:3702: checking for sys/stat.h
configure:3702: gcc -c -g -O2  conftest.c >&5
configure:3702: $? = 0
configure:3702: result: yes
configure:3702: checking for sys/types.h
configure:3702: gcc -c -g -O2  conftest.c >&5
configure:3702: $? = 0
configure:3702: result: yes
configure:3702: checking for unistd.h
configure:3702: gcc -c -g -O2  conftest.c >&5
configure:3702: $? = 0
configure:3702: result: yes
configure:3727: checking for grep that handles long lines and -e
configure:3793: result: /usr/bin/grep
configure:3801: checking for egrep
configure:3871: result: /usr/bin/grep -E
configure:3879: checking for fcntl.h
configure:3879: gcc -c -g -O2  conftest.c >&5
configure:3879: $? = 0
configure:3879: result: yes
configure:3885: checking for limits.h
configure:3885: gcc -c -g -O2  conftest.c >&5
configure:3885: $? = 0
configure:3885: result: yes
configure:3891: checking for sys/time.h
configure:3891: gcc -c -g -O2  conftest.c >&5
configure:3891: $? = 0
configure:3891: result: yes
configure:3897: checking for unistd.h
configure:3897: result: yes
configure:3903: checking for readline/readline.h
configure:3903: gcc -c -g -O2  conftest.c >&5
configure:3903: $? = 0
configure:3903: result: yes
configure:3909: checking for readline/history.h
configure:3909: gcc -c -g -O2  conftest.c >&5
configure:3909: $? = 0
configure:3909: result: yes
configure:3917: checking for inline
configure:3934: gcc -c -g -O2  conftest.c >&5
configure:3934: $? = 0
configure:3944: result: inline
configure:3962: checking for size_t
configure:3962: gcc -c -g -O2  conftest.c >&5
configure:3962: $? = 0
configure:3962: gcc -c -g -O2  conftest.c >&5
conftest.c:57:21: error: expected expression
   57 | if (sizeof ((size_t)))
      |                     ^
1 error generated.
configure:3962: $? = 1
configure: failed program was:
| /* confdefs.h */
| #define PACKAGE_NAME ""
| #define PACKAGE_TARNAME ""
| #define PACKAGE_VERSION ""
| #define PACKAGE_STRING ""
| #define PACKAGE_BUGREPORT ""
| #define PACKAGE_URL ""
| #define HAVE_LIBM 1
| #define HAVE_STDIO_H 1
| #define HAVE_STDLIB_H 1
| #define HAVE_STRING_H 1
| #define HAVE_INTTYPES_H 1
| #define HAVE_STDINT_H 1
| #define HAVE_STRINGS_H 1
| #define HAVE_SYS_STAT_H 1
| #define HAVE_SYS_TYPES_H 1
| #define HAVE_UNISTD_H 1
| #define STDC_HEADERS 1
| #define HAVE_FCNTL_H 1
| #define HAVE_LIMITS_H 1
| #define HAVE_SYS_TIME_H 1
| #define HAVE_UNISTD_H 1
| #define HAVE_READLINE_READLINE_H 1
| #define HAVE_READLINE_HISTORY_H 1
| /* end confdefs.h.  */
| #include <stddef.h>
| #ifdef HAVE_STDIO_H
| # include <stdio.h>
| #endif
| #ifdef HAVE_STDLIB_H
| # include <stdlib.h>
| #endif
| #ifdef HAVE_STRING_H
| # include <string.h>
| #endif
| #ifdef HAVE_INTTYPES_H
| # include <inttypes.h>
| #endif
| #ifdef HAVE_STDINT_H
| # include <stdint.h>
| #endif
| #ifdef HAVE_STRINGS_H
| # include <strings.h>
| #endif
| #ifdef HAVE_SYS_TYPES_H
| # include <sys/types.h>
| #endif
| #ifdef HAVE_SYS_STAT_H
| # include <sys/stat.h>
| #endif
| #ifdef HAVE_UNISTD_H
| # include <unistd.h>
| #endif
| int
| main (void)
| {
| if (sizeof ((size_t)))
| 	    return 0;
|   ;
|   return 0;
| }
configure:3962: result: yes
configure:3973: checking whether struct tm is in sys/time.h or time.h
configure:3994: gcc -c -g -O2  conftest.c >&5
configure:3994: $? = 0
configure:4004: result: time.h
configure:4019: checking build system type
configure:4035: result: aarch64-apple-darwin24.4.0
configure:4055: checking host system type
configure:4070: result: aarch64-apple-darwin24.4.0
configure:4102: checking whether byte ordering is bigendian
configure:4118: gcc -c -g -O2  conftest.c >&5
configure:4118: $? = 0
configure:4164: gcc -c -g -O2  conftest.c >&5
configure:4164: $? = 0
configure:4183: gcc -c -g -O2  conftest.c >&5
conftest.c:33:4: error: use of undeclared identifier 'not'
   33 |                  not big endian
      |                  ^
1 error generated.
configure:4183: $? = 1
configure: failed program was:
| /* confdefs.h */
| #define PACKAGE_NAME ""
| #define PACKAGE_TARNAME ""
| #define PACKAGE_VERSION ""
| #define PACKAGE_STRING ""
| #define PACKAGE_BUGREPORT ""
| #define PACKAGE_URL ""
| #define HAVE_LIBM 1
| #define HAVE_STDIO_H 1
| #define HAVE_STDLIB_H 1
| #define HAVE_STRING_H 1
| #define HAVE_INTTYPES_H 1
| #define HAVE_STDINT_H 1
| #define HAVE_STRINGS_H 1
| #define HAVE_SYS_STAT_H 1
| #define HAVE_SYS_TYPES_H 1
| #define HAVE_UNISTD_H 1
| #define STDC_HEADERS 1
| #define HAVE_FCNTL_H 1
| #define HAVE_LIMITS_H 1
| #define HAVE_SYS_TIME_H 1
| #define HAVE_UNISTD_H 1
| #define HAVE_READLINE_READLINE_H 1
| #define HAVE_READLINE_HISTORY_H 1
| /* end confdefs.h.  */
| #include <sys/types.h>
| 		#include <sys/param.h>
| 
| int
| main (void)
| {
| #if BYTE_ORDER != BIG_ENDIAN
| 		 not big endian
| 		#endif
| 
|   ;
|   return 0;
| }
configure:4324: result: no
configure:4344: checking for u_char
configure:4344: gcc -c -g -O2  conftest.c >&5
configure:4344: $? = 0
configure:4344: gcc -c -g -O2  conftest.c >&5
conftest.c:57:21: error: expected expression
   57 | if (sizeof ((u_char)))
      |                     ^
1 error generated.
configure:4344: $? = 1
configure: failed program was:
| /* confdefs.h */
| #define PACKAGE_NAME ""
| #define PACKAGE_TARNAME ""
| #define PACKAGE_VERSION ""
| #define PACKAGE_STRING ""
| #define PACKAGE_BUGREPORT ""
| #define PACKAGE_URL ""
| #define HAVE_LIBM 1
| #define HAVE_STDIO_H 1
| #define HAVE_STDLIB_H 1
| #define HAVE_STRING_H 1
| #define HAVE_INTTYPES_H 1
| #define HAVE_STDINT_H 1
| #define HAVE_STRINGS_H 1
| #define HAVE_SYS_STAT_H 1
| #define HAVE_SYS_TYPES_H 1
| #define HAVE_UNISTD_H 1
| #define STDC_HEADERS 1
| #define HAVE_FCNTL_H 1
| #define HAVE_LIMITS_H 1
| #define HAVE_SYS_TIME_H 1
| #define HAVE_UNISTD_H 1
| #define HAVE_READLINE_READLINE_H 1
| #define HAVE_READLINE_HISTORY_H 1
| /* end confdefs.h.  */
| #include <stddef.h>
| #ifdef HAVE_STDIO_H
| # include <stdio.h>
| #endif
| #ifdef HAVE_STDLIB_H
| # include <stdlib.h>
| #endif
| #ifdef HAVE_STRING_H
| # include <string.h>
| #endif
| #ifdef HAVE_INTTYPES_H
| # include <inttypes.h>
| #endif
| #ifdef HAVE_STDINT_H
| # include <stdint.h>
| #endif
| #ifdef HAVE_STRINGS_H
| # include <strings.h>
| #endif
| #ifdef HAVE_SYS_TYPES_H
| # include <sys/types.h>
| #endif
| #ifdef HAVE_SYS_STAT_H
| # include <sys/stat.h>
| #endif
| #ifdef HAVE_UNISTD_H
| # include <unistd.h>
| #endif
| int
| main (void)
| {
| if (sizeof ((u_char)))
| 	    return 0;
|   ;
|   return 0;
| }
configure:4344: result: yes
configure:4355: checking for u_short
configure:4355: gcc -c -g -O2  conftest.c >&5
configure:4355: $? = 0
configure:4355: gcc -c -g -O2  conftest.c >&5
conftest.c:57:22: error: expected expression
   57 | if (sizeof ((u_short)))
      |                      ^
1 error generated.
configure:4355: $? = 1
configure: failed program was:
| /* confdefs.h */
| #define PACKAGE_NAME ""
| #define PACKAGE_TARNAME ""
| #define PACKAGE_VERSION ""
| #define PACKAGE_STRING ""
| #define PACKAGE_BUGREPORT ""
| #define PACKAGE_URL ""
| #define HAVE_LIBM 1
| #define HAVE_STDIO_H 1
| #define HAVE_STDLIB_H 1
| #define HAVE_STRING_H 1
| #define HAVE_INTTYPES_H 1
| #define HAVE_STDINT_H 1
| #define HAVE_STRINGS_H 1
| #define HAVE_SYS_STAT_H 1
| #define HAVE_SYS_TYPES_H 1
| #define HAVE_UNISTD_H 1
| #define STDC_HEADERS 1
| #define HAVE_FCNTL_H 1
| #define HAVE_LIMITS_H 1
| #define HAVE_SYS_TIME_H 1
| #define HAVE_UNISTD_H 1
| #define HAVE_READLINE_READLINE_H 1
| #define HAVE_READLINE_HISTORY_H 1
| /* end confdefs.h.  */
| #include <stddef.h>
| #ifdef HAVE_STDIO_H
| # include <stdio.h>
| #endif
| #ifdef HAVE_STDLIB_H
| # include <stdlib.h>
| #endif
| #ifdef HAVE_STRING_H
| # include <string.h>
| #endif
| #ifdef HAVE_INTTYPES_H
| # include <inttypes.h>
| #endif
| #ifdef HAVE_STDINT_H
| # include <stdint.h>
| #endif
| #ifdef HAVE_STRINGS_H
| # include <strings.h>
| #endif
| #ifdef HAVE_SYS_TYPES_H
| # include <sys/types.h>
| #endif
| #ifdef HAVE_SYS_STAT_H
| # include <sys/stat.h>
| #endif
| #ifdef HAVE_UNISTD_H
| # include <unistd.h>
| #endif
| int
| main (void)
| {
| if (sizeof ((u_short)))
| 	    return 0;
|   ;
|   return 0;
| }
configure:4355: result: yes
configure:4366: checking for u_long
configure:4366: gcc -c -g -O2  conftest.c >&5
configure:4366: $? = 0
configure:4366: gcc -c -g -O2  conftest.c >&5
conftest.c:57:21: error: expected expression
   57 | if (sizeof ((u_long)))
      |                     ^
1 error generated.
configure:4366: $? = 1
configure: failed program was:
| /* confdefs.h */
| #define PACKAGE_NAME ""
| #define PACKAGE_TARNAME ""
| #define PACKAGE_VERSION ""
| #define PACKAGE_STRING ""
| #define PACKAGE_BUGREPORT ""
| #define PACKAGE_URL ""
| #define HAVE_LIBM 1
| #define HAVE_STDIO_H 1
| #define HAVE_STDLIB_H 1
| #define HAVE_STRING_H 1
| #define HAVE_INTTYPES_H 1
| #define HAVE_STDINT_H 1
| #define HAVE_STRINGS_H 1
| #define HAVE_SYS_STAT_H 1
| #define HAVE_SYS_TYPES_H 1
| #define HAVE_UNISTD_H 1
| #define STDC_HEADERS 1
| #define HAVE_FCNTL_H 1
| #define HAVE_LIMITS_H 1
| #define HAVE_SYS_TIME_H 1
| #define HAVE_UNISTD_H 1
| #define HAVE_READLINE_READLINE_H 1
| #define HAVE_READLINE_HISTORY_H 1
| /* end confdefs.h.  */
| #include <stddef.h>
| #ifdef HAVE_STDIO_H
| # include <stdio.h>
| #endif
| #ifdef HAVE_STDLIB_H
| # include <stdlib.h>
| #endif
| #ifdef HAVE_STRING_H
| # include <string.h>
| #endif
| #ifdef HAVE_INTTYPES_H
| # include <inttypes.h>
| #endif
| #ifdef HAVE_STDINT_H
| # include <stdint.h>
| #endif
| #ifdef HAVE_STRINGS_H
| # include <strings.h>
| #endif
| #ifdef HAVE_SYS_TYPES_H
| # include <sys/types.h>
| #endif
| #ifdef HAVE_SYS_STAT_H
| # include <sys/stat.h>
| #endif
| #ifdef HAVE_UNISTD_H
| # include <unistd.h>
| #endif
| int
| main (void)
| {
| if (sizeof ((u_long)))
| 	    return 0;
|   ;
|   return 0;
| }
configure:4366: result: yes
configure:4380: checking for working alloca.h
configure:4398: gcc -o conftest -g -O2   conftest.c -lm  >&5
configure:4398: $? = 0
configure:4409: result: yes
configure:4417: checking for alloca
configure:4462: result: yes
configure:4531: checking for working POSIX fnmatch
configure:4566: gcc -o conftest -g -O2   conftest.c -lm  >&5
configure:4566: $? = 0
configure:4566: ./conftest
configure:4566: $? = 0
configure:4580: result: yes
configure:4590: checking for working memcmp
configure:4635: gcc -o conftest -g -O2   conftest.c -lm  >&5
configure:4635: $? = 0
configure:4635: ./conftest
configure:4635: $? = 0
configure:4649: result: yes
configure:4658: checking return type of signal handlers
configure:4677: gcc -c -g -O2  conftest.c >&5
conftest.c:35:8: error: indirection requires pointer operand ('void' invalid)
   35 | return *(signal (0, 0)) (0) == 1;
      |        ^~~~~~~~~~~~~~~~~~~~
1 error generated.
configure:4677: $? = 1
configure: failed program was:
| /* confdefs.h */
| #define PACKAGE_NAME ""
| #define PACKAGE_TARNAME ""
| #define PACKAGE_VERSION ""
| #define PACKAGE_STRING ""
| #define PACKAGE_BUGREPORT ""
| #define PACKAGE_URL ""
| #define HAVE_LIBM 1
| #define HAVE_STDIO_H 1
| #define HAVE_STDLIB_H 1
| #define HAVE_STRING_H 1
| #define HAVE_INTTYPES_H 1
| #define HAVE_STDINT_H 1
| #define HAVE_STRINGS_H 1
| #define HAVE_SYS_STAT_H 1
| #define HAVE_SYS_TYPES_H 1
| #define HAVE_UNISTD_H 1
| #define STDC_HEADERS 1
| #define HAVE_FCNTL_H 1
| #define HAVE_LIMITS_H 1
| #define HAVE_SYS_TIME_H 1
| #define HAVE_UNISTD_H 1
| #define HAVE_READLINE_READLINE_H 1
| #define HAVE_READLINE_HISTORY_H 1
| #define HAVE_ALLOCA_H 1
| #define HAVE_ALLOCA 1
| #define HAVE_FNMATCH 1
| /* end confdefs.h.  */
| #include <sys/types.h>
| #include <signal.h>
| 
| int
| main (void)
| {
| return *(signal (0, 0)) (0) == 1;
|   ;
|   return 0;
| }
configure:4687: result: void
configure:4696: checking for strftime
configure:4696: gcc -o conftest -g -O2   conftest.c -lm  >&5
configure:4696: $? = 0
configure:4696: result: yes
configure:4757: checking for strdup
configure:4757: gcc -o conftest -g -O2   conftest.c -lm  >&5
conftest.c:47:6: warning: incompatible redeclaration of library function 'strdup' [-Wincompatible-library-redeclaration]
   47 | char strdup (void);
      |      ^
conftest.c:47:6: note: 'strdup' is a builtin with type 'char *(const char *)'
1 warning generated.
configure:4757: $? = 0
configure:4757: result: yes
configure:4763: checking for strspn
configure:4763: gcc -o conftest -g -O2   conftest.c -lm  >&5
conftest.c:48:6: warning: incompatible redeclaration of library function 'strspn' [-Wincompatible-library-redeclaration]
   48 | char strspn (void);
      |      ^
conftest.c:48:6: note: 'strspn' is a builtin with type 'unsigned long (const char *, const char *)'
1 warning generated.
configure:4763: $? = 0
configure:4763: result: yes
configure:4769: checking for strtoul
configure:4769: gcc -o conftest -g -O2   conftest.c -lm  >&5
conftest.c:49:6: warning: incompatible redeclaration of library function 'strtoul' [-Wincompatible-library-redeclaration]
   49 | char strtoul (void);
      |      ^
conftest.c:49:6: note: 'strtoul' is a builtin with type 'unsigned long (const char *, char **, int)'
1 warning generated.
configure:4769: $? = 0
configure:4769: result: yes
configure:4775: checking for stpcpy
configure:4775: gcc -o conftest -g -O2   conftest.c -lm  >&5
conftest.c:50:6: warning: incompatible redeclaration of library function 'stpcpy' [-Wincompatible-library-redeclaration]
   50 | char stpcpy (void);
      |      ^
conftest.c:50:6: note: 'stpcpy' is a builtin with type 'char *(char *, const char *)'
1 warning generated.
configure:4775: $? = 0
configure:4775: result: yes
configure:4781: checking for getopt
configure:4781: gcc -o conftest -g -O2   conftest.c -lm  >&5
configure:4781: $? = 0
configure:4781: result: yes
configure:4787: checking for ftruncate
configure:4787: gcc -o conftest -g -O2   conftest.c -lm  >&5
configure:4787: $? = 0
configure:4787: result: yes
configure:4912: creating ./config.status

## ---------------------- ##
## Running config.status. ##
## ---------------------- ##

This file was extended by config.status, which was
generated by GNU Autoconf 2.72.  Invocation command line was

  CONFIG_FILES    = 
  CONFIG_HEADERS  = 
  CONFIG_LINKS    = 
  CONFIG_COMMANDS = 
  $ ./config.status 

on Andrass-Mac-Mini

config.status:823: creating Makefile
config.status:823: creating config.h

## ---------------- ##
## Cache variables. ##
## ---------------- ##

ac_cv_build=aarch64-apple-darwin24.4.0
ac_cv_c_bigendian=no
ac_cv_c_compiler_gnu=yes
ac_cv_c_inline=inline
ac_cv_env_CC_set=
ac_cv_env_CC_value=
ac_cv_env_CFLAGS_set=
ac_cv_env_CFLAGS_value=
ac_cv_env_CPPFLAGS_set=
ac_cv_env_CPPFLAGS_value=
ac_cv_env_LDFLAGS_set=
ac_cv_env_LDFLAGS_value=
ac_cv_env_LIBS_set=
ac_cv_env_LIBS_value=
ac_cv_env_build_alias_set=
ac_cv_env_build_alias_value=
ac_cv_env_host_alias_set=
ac_cv_env_host_alias_value=
ac_cv_env_target_alias_set=
ac_cv_env_target_alias_value=
ac_cv_file____qxltool_c=yes
ac_cv_func_alloca_works=yes
ac_cv_func_fnmatch_works=yes
ac_cv_func_ftruncate=yes
ac_cv_func_getopt=yes
ac_cv_func_memcmp_working=yes
ac_cv_func_stpcpy=yes
ac_cv_func_strdup=yes
ac_cv_func_strftime=yes
ac_cv_func_strspn=yes
ac_cv_func_strtoul=yes
ac_cv_header_fcntl_h=yes
ac_cv_header_inttypes_h=yes
ac_cv_header_limits_h=yes
ac_cv_header_readline_history_h=yes
ac_cv_header_readline_readline_h=yes
ac_cv_header_stdint_h=yes
ac_cv_header_stdio_h=yes
ac_cv_header_stdlib_h=yes
ac_cv_header_string_h=yes
ac_cv_header_strings_h=yes
ac_cv_header_sys_stat_h=yes
ac_cv_header_sys_time_h=yes
ac_cv_header_sys_types_h=yes
ac_cv_header_unistd_h=yes
ac_cv_host=aarch64-apple-darwin24.4.0
ac_cv_lib_m_printf=yes
ac_cv_lib_readline=no
ac_cv_objext=o
ac_cv_path_EGREP='/usr/bin/grep -E'
ac_cv_path_EGREP_TRADITIONAL='/usr/bin/grep -E'
ac_cv_path_GREP=/usr/bin/grep
ac_cv_prog_ac_ct_CC=gcc
ac_cv_prog_cc_c11=
ac_cv_prog_cc_g=yes
ac_cv_prog_cc_stdc=
ac_cv_struct_tm=time.h
ac_cv_type_signal=void
ac_cv_type_size_t=yes
ac_cv_type_u_char=yes
ac_cv_type_u_long=yes
ac_cv_type_u_short=yes
ac_cv_working_alloca_h=yes

## ----------------- ##
## Output variables. ##
## ----------------- ##

ALLOCA=''
CC='gcc'
CFLAGS='-g -O2'
CPPFLAGS=''
DEFS='-DHAVE_CONFIG_H'
ECHO_C='\c'
ECHO_N=''
ECHO_T=''
EGREP='/usr/bin/grep -E'
EXEEXT=''
GREP='/usr/bin/grep'
LDFLAGS=''
LIBOBJS=''
LIBS='-lm '
LTLIBOBJS=''
OBJEXT='o'
PACKAGE=''
PACKAGE_BUGREPORT=''
PACKAGE_NAME=''
PACKAGE_STRING=''
PACKAGE_TARNAME=''
PACKAGE_URL=''
PACKAGE_VERSION=''
PATH_SEPARATOR=':'
PREFIX=''
SHELL='/bin/sh'
VERSION=''
ac_ct_CC='gcc'
bindir='${exec_prefix}/bin'
build='aarch64-apple-darwin24.4.0'
build_alias=''
build_cpu='aarch64'
build_os='darwin24.4.0'
build_vendor='apple'
datadir='${datarootdir}'
datarootdir='${prefix}/share'
docdir='${datarootdir}/doc/${PACKAGE}'
dvidir='${docdir}'
exec_prefix='${prefix}'
host='aarch64-apple-darwin24.4.0'
host_alias=''
host_cpu='aarch64'
host_os='darwin24.4.0'
host_vendor='apple'
htmldir='${docdir}'
includedir='${prefix}/include'
infodir='${datarootdir}/info'
libdir='${exec_prefix}/lib'
libexecdir='${exec_prefix}/libexec'
localedir='${datarootdir}/locale'
localstatedir='${prefix}/var'
mandir='${datarootdir}/man'
oldincludedir='/usr/include'
pdfdir='${docdir}'
prefix='/usr/local'
program_transform_name='s,x,x,'
psdir='${docdir}'
runstatedir='${localstatedir}/run'
sbindir='${exec_prefix}/sbin'
sharedstatedir='${prefix}/com'
sysconfdir='${prefix}/etc'
target_alias=''

## ----------- ##
## confdefs.h. ##
## ----------- ##

/* confdefs.h */
#define PACKAGE_NAME ""
#define PACKAGE_TARNAME ""
#define PACKAGE_VERSION ""
#define PACKAGE_STRING ""
#define PACKAGE_BUGREPORT ""
#define PACKAGE_URL ""
#define HAVE_LIBM 1
#define HAVE_STDIO_H 1
#define HAVE_STDLIB_H 1
#define HAVE_STRING_H 1
#define HAVE_INTTYPES_H 1
#define HAVE_STDINT_H 1
#define HAVE_STRINGS_H 1
#define HAVE_SYS_STAT_H 1
#define HAVE_SYS_TYPES_H 1
#define HAVE_UNISTD_H 1
#define STDC_HEADERS 1
#define HAVE_FCNTL_H 1
#define HAVE_LIMITS_H 1
#define HAVE_SYS_TIME_H 1
#define HAVE_UNISTD_H 1
#define HAVE_READLINE_READLINE_H 1
#define HAVE_READLINE_HISTORY_H 1
#define HAVE_ALLOCA_H 1
#define HAVE_ALLOCA 1
#define HAVE_FNMATCH 1
#define RETSIGTYPE void
#define HAVE_STRFTIME 1
#define HAVE_STRDUP 1
#define HAVE_STRSPN 1
#define HAVE_STRTOUL 1
#define HAVE_STPCPY 1
#define HAVE_GETOPT 1
#define HAVE_FTRUNCATE 1

configure: exit 0
